2026-05-04 01:57:37,300 [INFO] __main__: === 開始: 対象 17 件 ===
2026-05-04 01:57:37,300 [INFO] __main__: 既存 URL 0 件を読込
2026-05-04 01:57:37,948 [INFO] scrapers.base: [大阪府] スクレイピング開始 url=https://www.pref.osaka.lg.jp/o110010/shokosomu/shiensaku/index.html
2026-05-04 01:57:48,613 [INFO] scrapers.base: [大阪府] 取得 4 件 (有効 4 件)
2026-05-04 01:57:48,613 [INFO] __main__: [大阪府] 取得 4 件 / 新規 4 件
2026-05-04 01:57:48,614 [INFO] scrapers.base: [大阪市] スクレイピング開始 url=https://www.city.osaka.lg.jp/sangyo/category/3037-1-2-1-0-0-0-0-0-0.html
2026-05-04 01:57:53,984 [INFO] scrapers.base: [大阪市] 取得 1 件 (有効 1 件)
2026-05-04 01:57:53,985 [INFO] __main__: [大阪市] 取得 1 件 / 新規 1 件
2026-05-04 01:57:53,985 [INFO] scrapers.base: [堺市] スクレイピング開始 url=https://www.city.sakai.lg.jp/sangyo/shienyuushi/oshirase/SME_GB.html
2026-05-04 01:57:57,388 [INFO] scrapers.base: [堺市] 取得 0 件 (有効 0 件)
2026-05-04 01:57:57,388 [INFO] __main__: [堺市] 取得 0 件 / 新規 0 件
2026-05-04 01:57:57,389 [INFO] scrapers.base: [東大阪市] スクレイピング開始 url=https://www.city.higashiosaka.lg.jp/category/19-1-0-0-0-0-0-0-0-0.html
2026-05-04 01:58:18,006 [INFO] scrapers.base: [東大阪市] 取得 9 件 (有効 9 件)
2026-05-04 01:58:18,006 [INFO] __main__: [東大阪市] 取得 9 件 / 新規 9 件
2026-05-04 01:58:18,006 [INFO] scrapers.base: [吹田市] スクレイピング開始 url=https://www.city.suita.osaka.jp/sangyo/1018028/1018029/1018030/index.html
2026-05-04 01:58:48,122 [INFO] scrapers.base: [吹田市] 取得 13 件 (有効 13 件)
2026-05-04 01:58:48,122 [INFO] __main__: [吹田市] 取得 13 件 / 新規 13 件
2026-05-04 01:58:48,123 [INFO] scrapers.base: [豊中市] スクレイピング開始 url=https://www.city.toyonaka.osaka.jp/machi/sangyoushinkou/hojokin/index.html
2026-05-04 01:59:28,938 [INFO] scrapers.base: [豊中市] 取得 19 件 (有効 19 件)
2026-05-04 01:59:28,938 [INFO] __main__: [豊中市] 取得 19 件 / 新規 19 件
2026-05-04 01:59:28,939 [INFO] scrapers.base: [池田市] スクレイピング開始 url=https://www.city.ikeda.osaka.jp/soshiki/siminseikatsu/shoko/syogyo/jigyoshashien/index.html
2026-05-04 01:59:31,695 [INFO] scrapers.base: [池田市] 取得 0 件 (有効 0 件)
2026-05-04 01:59:31,696 [INFO] __main__: [池田市] 取得 0 件 / 新規 0 件
2026-05-04 01:59:31,696 [INFO] scrapers.base: [箕面市] スクレイピング開始 url=https://www.city.minoh.lg.jp/syoukou/syoukouhojokin.html
2026-05-04 01:59:37,495 [INFO] scrapers.base: [箕面市] 取得 2 件 (有効 2 件)
2026-05-04 01:59:37,495 [INFO] __main__: [箕面市] 取得 2 件 / 新規 2 件
2026-05-04 01:59:37,496 [INFO] scrapers.base: [高槻市] スクレイピング開始 url=https://www.city.takatsuki.osaka.jp/life/8/
2026-05-04 01:59:44,284 [INFO] scrapers.base: [高槻市] 取得 2 件 (有効 2 件)
2026-05-04 01:59:44,284 [INFO] __main__: [高槻市] 取得 2 件 / 新規 2 件
2026-05-04 01:59:44,285 [INFO] scrapers.base: [茨木市] スクレイピング開始 url=https://www.city.ibaraki.osaka.jp/hojokin_joseikin/index.html
2026-05-04 01:59:47,715 [INFO] scrapers.base: [茨木市] 取得 0 件 (有効 0 件)
2026-05-04 01:59:47,716 [INFO] __main__: [茨木市] 取得 0 件 / 新規 0 件
2026-05-04 01:59:47,716 [INFO] scrapers.base: [兵庫県] スクレイピング開始 url=https://web.pref.hyogo.lg.jp/work/cate3_332.html
2026-05-04 01:59:52,991 [INFO] scrapers.base: [兵庫県] 取得 2 件 (有効 2 件)
2026-05-04 01:59:52,991 [INFO] __main__: [兵庫県] 取得 2 件 / 新規 2 件
2026-05-04 01:59:52,992 [INFO] scrapers.base: [神戸市] スクレイピング開始 url=https://www.city.kobe.lg.jp/a93457/business/sangyoshinko/shokogyo/venture/monodukuri/index.html
2026-05-04 02:00:25,838 [INFO] scrapers.base: [神戸市] 取得 15 件 (有効 15 件)
2026-05-04 02:00:25,838 [INFO] __main__: [神戸市] 取得 15 件 / 新規 15 件
2026-05-04 02:00:25,839 [INFO] scrapers.base: [姫路市] スクレイピング開始 url=https://www.city.himeji.lg.jp/sangyo/category/4-2-1-2-0-0-0-0-0-0.html
2026-05-04 02:00:37,211 [INFO] scrapers.base: [姫路市] 取得 5 件 (有効 5 件)
2026-05-04 02:00:37,212 [INFO] __main__: [姫路市] 取得 5 件 / 新規 5 件
2026-05-04 02:00:37,212 [INFO] scrapers.base: [尼崎市] スクレイピング開始 url=https://www.city.amagasaki.hyogo.jp/sangyo/yusi_josei/keiei_sien/index.html
2026-05-04 02:00:42,779 [INFO] scrapers.base: [尼崎市] 取得 2 件 (有効 2 件)
2026-05-04 02:00:42,779 [INFO] __main__: [尼崎市] 取得 2 件 / 新規 2 件
2026-05-04 02:00:42,780 [INFO] scrapers.base: [西宮市] スクレイピング開始 url=https://www.nishi.or.jp/jigyoshajoho/sangyoshinko/shinkisogyo/sougyou.html
2026-05-04 02:00:52,081 [WARNING] scrapers.base: [西宮市] 詳細取得失敗 url=https://it-shien.smrj.go.jp/ err=PermissionError: robots.txt によりアクセス禁止: https://it-shien.smrj.go.jp/
2026-05-04 02:00:55,316 [INFO] scrapers.base: [西宮市] 取得 6 件 (有効 6 件)
2026-05-04 02:00:55,317 [INFO] __main__: [西宮市] 取得 6 件 / 新規 6 件
2026-05-04 02:00:55,317 [INFO] scrapers.base: [川西市] スクレイピング開始 url=https://www.city.kawanishi.hyogo.jp/business/syokogyo/1019925/index.html
2026-05-04 02:01:08,700 [INFO] scrapers.base: [川西市] 取得 6 件 (有効 6 件)
2026-05-04 02:01:08,700 [INFO] __main__: [川西市] 取得 6 件 / 新規 6 件
2026-05-04 02:01:08,701 [INFO] scrapers.base: [J-Net21] スクレイピング開始 url=https://j-net21.smrj.go.jp/snavi/support/
2026-05-04 02:01:13,599 [INFO] scrapers.base: [J-Net21] 取得 0 件 (有効 0 件)
2026-05-04 02:01:13,599 [INFO] __main__: [J-Net21] 取得 0 件 / 新規 0 件
2026-05-04 02:01:13,647 [INFO] utils.excel_writer: Excel 追記 86 件 -> /home/runner/work/grants-scraper/grants-scraper/data/grants.xlsx
2026-05-04 02:01:13,647 [INFO] __main__: === 終了 ===
2026-05-04 02:01:13,647 [INFO] __main__:   大阪府: 新規 4 件
2026-05-04 02:01:13,647 [INFO] __main__:   大阪市: 新規 1 件
2026-05-04 02:01:13,647 [INFO] __main__:   堺市: 新規 0 件
2026-05-04 02:01:13,647 [INFO] __main__:   東大阪市: 新規 9 件
2026-05-04 02:01:13,647 [INFO] __main__:   吹田市: 新規 13 件
2026-05-04 02:01:13,647 [INFO] __main__:   豊中市: 新規 19 件
2026-05-04 02:01:13,647 [INFO] __main__:   池田市: 新規 0 件
2026-05-04 02:01:13,648 [INFO] __main__:   箕面市: 新規 2 件
2026-05-04 02:01:13,648 [INFO] __main__:   高槻市: 新規 2 件
2026-05-04 02:01:13,648 [INFO] __main__:   茨木市: 新規 0 件
2026-05-04 02:01:13,648 [INFO] __main__:   兵庫県: 新規 2 件
2026-05-04 02:01:13,648 [INFO] __main__:   神戸市: 新規 15 件
2026-05-04 02:01:13,648 [INFO] __main__:   姫路市: 新規 5 件
2026-05-04 02:01:13,648 [INFO] __main__:   尼崎市: 新規 2 件
2026-05-04 02:01:13,648 [INFO] __main__:   西宮市: 新規 6 件
2026-05-04 02:01:13,648 [INFO] __main__:   川西市: 新規 6 件
2026-05-04 02:01:13,648 [INFO] __main__:   J-Net21: 新規 0 件
2026-05-04 02:01:13,648 [INFO] __main__: 合計新規: 86 件
2026-05-04 02:04:34,365 [INFO] __main__: === 開始: 対象 17 件 ===
2026-05-04 02:04:34,366 [INFO] __main__: 既存 URL 0 件を読込
2026-05-04 02:04:34,959 [INFO] scrapers.base: [大阪府] スクレイピング開始 url=https://www.pref.osaka.lg.jp/o110010/shokosomu/shiensaku/index.html
2026-05-04 02:04:45,131 [INFO] scrapers.base: [大阪府] 取得 4 件 (有効 4 件)
2026-05-04 02:04:45,131 [INFO] __main__: [大阪府] 取得 4 件 / 新規 4 件
2026-05-04 02:04:45,132 [INFO] scrapers.base: [大阪市] スクレイピング開始 url=https://www.city.osaka.lg.jp/sangyo/category/3037-1-2-1-0-0-0-0-0-0.html
2026-05-04 02:04:49,968 [INFO] scrapers.base: [大阪市] 取得 1 件 (有効 1 件)
2026-05-04 02:04:49,969 [INFO] __main__: [大阪市] 取得 1 件 / 新規 1 件
2026-05-04 02:04:49,969 [INFO] scrapers.base: [堺市] スクレイピング開始 url=https://www.city.sakai.lg.jp/sangyo/shienyuushi/oshirase/SME_GB.html
2026-05-04 02:04:53,362 [INFO] scrapers.base: [堺市] 取得 0 件 (有効 0 件)
2026-05-04 02:04:53,362 [INFO] __main__: [堺市] 取得 0 件 / 新規 0 件
2026-05-04 02:04:53,363 [INFO] scrapers.base: [東大阪市] スクレイピング開始 url=https://www.city.higashiosaka.lg.jp/category/19-1-0-0-0-0-0-0-0-0.html
2026-05-04 02:05:13,544 [INFO] scrapers.base: [東大阪市] 取得 9 件 (有効 9 件)
2026-05-04 02:05:13,545 [INFO] __main__: [東大阪市] 取得 9 件 / 新規 9 件
2026-05-04 02:05:13,545 [INFO] scrapers.base: [吹田市] スクレイピング開始 url=https://www.city.suita.osaka.jp/sangyo/1018028/1018029/1018030/index.html
2026-05-04 02:05:41,568 [INFO] scrapers.base: [吹田市] 取得 13 件 (有効 13 件)
2026-05-04 02:05:41,568 [INFO] __main__: [吹田市] 取得 13 件 / 新規 13 件
2026-05-04 02:05:41,569 [INFO] scrapers.base: [豊中市] スクレイピング開始 url=https://www.city.toyonaka.osaka.jp/machi/sangyoushinkou/hojokin/index.html
2026-05-04 02:06:21,165 [INFO] scrapers.base: [豊中市] 取得 19 件 (有効 19 件)
2026-05-04 02:06:21,165 [INFO] __main__: [豊中市] 取得 19 件 / 新規 19 件
2026-05-04 02:06:21,166 [INFO] scrapers.base: [池田市] スクレイピング開始 url=https://www.city.ikeda.osaka.jp/soshiki/siminseikatsu/shoko/syogyo/jigyoshashien/index.html
2026-05-04 02:06:25,207 [INFO] scrapers.base: [池田市] 取得 0 件 (有効 0 件)
2026-05-04 02:06:25,207 [INFO] __main__: [池田市] 取得 0 件 / 新規 0 件
2026-05-04 02:06:25,208 [INFO] scrapers.base: [箕面市] スクレイピング開始 url=https://www.city.minoh.lg.jp/syoukou/syoukouhojokin.html
2026-05-04 02:06:30,905 [INFO] scrapers.base: [箕面市] 取得 2 件 (有効 2 件)
2026-05-04 02:06:30,906 [INFO] __main__: [箕面市] 取得 2 件 / 新規 2 件
2026-05-04 02:06:30,906 [INFO] scrapers.base: [高槻市] スクレイピング開始 url=https://www.city.takatsuki.osaka.jp/life/8/
2026-05-04 02:06:37,056 [INFO] scrapers.base: [高槻市] 取得 2 件 (有効 2 件)
2026-05-04 02:06:37,056 [INFO] __main__: [高槻市] 取得 2 件 / 新規 2 件
2026-05-04 02:06:37,057 [INFO] scrapers.base: [茨木市] スクレイピング開始 url=https://www.city.ibaraki.osaka.jp/hojokin_joseikin/index.html
2026-05-04 02:06:40,065 [INFO] scrapers.base: [茨木市] 取得 0 件 (有効 0 件)
2026-05-04 02:06:40,065 [INFO] __main__: [茨木市] 取得 0 件 / 新規 0 件
2026-05-04 02:06:40,066 [INFO] scrapers.base: [兵庫県] スクレイピング開始 url=https://web.pref.hyogo.lg.jp/work/cate3_332.html
2026-05-04 02:06:45,025 [INFO] scrapers.base: [兵庫県] 取得 2 件 (有効 2 件)
2026-05-04 02:06:45,025 [INFO] __main__: [兵庫県] 取得 2 件 / 新規 2 件
2026-05-04 02:06:45,026 [INFO] scrapers.base: [神戸市] スクレイピング開始 url=https://www.city.kobe.lg.jp/a93457/business/sangyoshinko/shokogyo/venture/monodukuri/index.html
2026-05-04 02:07:16,879 [INFO] scrapers.base: [神戸市] 取得 15 件 (有効 15 件)
2026-05-04 02:07:16,880 [INFO] __main__: [神戸市] 取得 15 件 / 新規 15 件
2026-05-04 02:07:16,880 [INFO] scrapers.base: [姫路市] スクレイピング開始 url=https://www.city.himeji.lg.jp/sangyo/category/4-2-1-2-0-0-0-0-0-0.html
2026-05-04 02:07:28,070 [INFO] scrapers.base: [姫路市] 取得 5 件 (有効 5 件)
2026-05-04 02:07:28,070 [INFO] __main__: [姫路市] 取得 5 件 / 新規 5 件
2026-05-04 02:07:28,071 [INFO] scrapers.base: [尼崎市] スクレイピング開始 url=https://www.city.amagasaki.hyogo.jp/sangyo/yusi_josei/keiei_sien/index.html
2026-05-04 02:07:33,730 [INFO] scrapers.base: [尼崎市] 取得 2 件 (有効 2 件)
2026-05-04 02:07:33,730 [INFO] __main__: [尼崎市] 取得 2 件 / 新規 2 件
2026-05-04 02:07:33,730 [INFO] scrapers.base: [西宮市] スクレイピング開始 url=https://www.nishi.or.jp/jigyoshajoho/sangyoshinko/shinkisogyo/sougyou.html
2026-05-04 02:07:43,145 [WARNING] scrapers.base: [西宮市] 詳細取得失敗 url=https://it-shien.smrj.go.jp/ err=PermissionError: robots.txt によりアクセス禁止: https://it-shien.smrj.go.jp/
2026-05-04 02:07:45,759 [INFO] scrapers.base: [西宮市] 取得 6 件 (有効 6 件)
2026-05-04 02:07:45,760 [INFO] __main__: [西宮市] 取得 6 件 / 新規 6 件
2026-05-04 02:07:45,760 [INFO] scrapers.base: [川西市] スクレイピング開始 url=https://www.city.kawanishi.hyogo.jp/business/syokogyo/1019925/index.html
2026-05-04 02:07:58,823 [INFO] scrapers.base: [川西市] 取得 6 件 (有効 6 件)
2026-05-04 02:07:58,823 [INFO] __main__: [川西市] 取得 6 件 / 新規 6 件
2026-05-04 02:07:58,825 [INFO] scrapers.base: [J-Net21] スクレイピング開始 url=https://j-net21.smrj.go.jp/snavi/support/
2026-05-04 02:08:03,283 [INFO] scrapers.base: [J-Net21] 取得 0 件 (有効 0 件)
2026-05-04 02:08:03,283 [INFO] __main__: [J-Net21] 取得 0 件 / 新規 0 件
2026-05-04 02:08:03,329 [INFO] utils.excel_writer: Excel 追記 86 件 -> /home/runner/work/grants-scraper/grants-scraper/data/grants.xlsx
2026-05-04 02:08:03,329 [INFO] __main__: === 終了 ===
2026-05-04 02:08:03,329 [INFO] __main__:   大阪府: 新規 4 件
2026-05-04 02:08:03,329 [INFO] __main__:   大阪市: 新規 1 件
2026-05-04 02:08:03,329 [INFO] __main__:   堺市: 新規 0 件
2026-05-04 02:08:03,329 [INFO] __main__:   東大阪市: 新規 9 件
2026-05-04 02:08:03,329 [INFO] __main__:   吹田市: 新規 13 件
2026-05-04 02:08:03,330 [INFO] __main__:   豊中市: 新規 19 件
2026-05-04 02:08:03,330 [INFO] __main__:   池田市: 新規 0 件
2026-05-04 02:08:03,330 [INFO] __main__:   箕面市: 新規 2 件
2026-05-04 02:08:03,330 [INFO] __main__:   高槻市: 新規 2 件
2026-05-04 02:08:03,330 [INFO] __main__:   茨木市: 新規 0 件
2026-05-04 02:08:03,330 [INFO] __main__:   兵庫県: 新規 2 件
2026-05-04 02:08:03,330 [INFO] __main__:   神戸市: 新規 15 件
2026-05-04 02:08:03,330 [INFO] __main__:   姫路市: 新規 5 件
2026-05-04 02:08:03,330 [INFO] __main__:   尼崎市: 新規 2 件
2026-05-04 02:08:03,330 [INFO] __main__:   西宮市: 新規 6 件
2026-05-04 02:08:03,330 [INFO] __main__:   川西市: 新規 6 件
2026-05-04 02:08:03,330 [INFO] __main__:   J-Net21: 新規 0 件
2026-05-04 02:08:03,330 [INFO] __main__: 合計新規: 86 件
2026-05-05 15:31:25,010 [INFO] __main__: === 開始: 対象 17 件 ===
2026-05-05 15:31:25,045 [INFO] __main__: 既存 URL 86 件を読込
2026-05-05 15:31:25,983 [INFO] scrapers.base: [大阪府] スクレイピング開始 url=https://www.pref.osaka.lg.jp/o110010/shokosomu/shiensaku/index.html
2026-05-05 15:31:36,343 [INFO] scrapers.base: [大阪府] 取得 4 件 (有効 4 件)
2026-05-05 15:31:36,343 [INFO] __main__: [大阪府] 取得 4 件 / 新規 0 件
2026-05-05 15:31:36,344 [INFO] scrapers.base: [大阪市] スクレイピング開始 url=https://www.city.osaka.lg.jp/sangyo/category/3037-1-2-1-0-0-0-0-0-0.html
2026-05-05 15:31:40,553 [INFO] scrapers.base: [大阪市] 取得 1 件 (有効 1 件)
2026-05-05 15:31:40,553 [INFO] __main__: [大阪市] 取得 1 件 / 新規 0 件
2026-05-05 15:31:40,554 [INFO] scrapers.base: [堺市] スクレイピング開始 url=https://www.city.sakai.lg.jp/sangyo/shienyuushi/oshirase/SME_GB.html
2026-05-05 15:31:43,052 [INFO] scrapers.base: [堺市] 取得 0 件 (有効 0 件)
2026-05-05 15:31:43,052 [INFO] __main__: [堺市] 取得 0 件 / 新規 0 件
2026-05-05 15:31:43,052 [INFO] scrapers.base: [東大阪市] スクレイピング開始 url=https://www.city.higashiosaka.lg.jp/category/19-1-0-0-0-0-0-0-0-0.html
2026-05-05 15:32:03,262 [INFO] scrapers.base: [東大阪市] 取得 9 件 (有効 9 件)
2026-05-05 15:32:03,262 [INFO] __main__: [東大阪市] 取得 9 件 / 新規 0 件
2026-05-05 15:32:03,263 [INFO] scrapers.base: [吹田市] スクレイピング開始 url=https://www.city.suita.osaka.jp/sangyo/1018028/1018029/1018030/index.html
2026-05-05 15:32:30,929 [INFO] scrapers.base: [吹田市] 取得 13 件 (有効 13 件)
2026-05-05 15:32:30,929 [INFO] __main__: [吹田市] 取得 13 件 / 新規 0 件
2026-05-05 15:32:30,929 [INFO] scrapers.base: [豊中市] スクレイピング開始 url=https://www.city.toyonaka.osaka.jp/machi/sangyoushinkou/hojokin/index.html
2026-05-05 15:33:10,824 [INFO] scrapers.base: [豊中市] 取得 19 件 (有効 19 件)
2026-05-05 15:33:10,824 [INFO] __main__: [豊中市] 取得 19 件 / 新規 0 件
2026-05-05 15:33:10,825 [INFO] scrapers.base: [池田市] スクレイピング開始 url=https://www.city.ikeda.osaka.jp/soshiki/siminseikatsu/shoko/syogyo/jigyoshashien/index.html
2026-05-05 15:33:13,472 [INFO] scrapers.base: [池田市] 取得 0 件 (有効 0 件)
2026-05-05 15:33:13,473 [INFO] __main__: [池田市] 取得 0 件 / 新規 0 件
2026-05-05 15:33:13,473 [INFO] scrapers.base: [箕面市] スクレイピング開始 url=https://www.city.minoh.lg.jp/syoukou/syoukouhojokin.html
2026-05-05 15:33:18,638 [INFO] scrapers.base: [箕面市] 取得 2 件 (有効 2 件)
2026-05-05 15:33:18,638 [INFO] __main__: [箕面市] 取得 2 件 / 新規 0 件
2026-05-05 15:33:18,638 [INFO] scrapers.base: [高槻市] スクレイピング開始 url=https://www.city.takatsuki.osaka.jp/life/8/
2026-05-05 15:33:24,523 [INFO] scrapers.base: [高槻市] 取得 2 件 (有効 2 件)
2026-05-05 15:33:24,523 [INFO] __main__: [高槻市] 取得 2 件 / 新規 0 件
2026-05-05 15:33:24,524 [INFO] scrapers.base: [茨木市] スクレイピング開始 url=https://www.city.ibaraki.osaka.jp/hojokin_joseikin/index.html
2026-05-05 15:33:27,216 [INFO] scrapers.base: [茨木市] 取得 0 件 (有効 0 件)
2026-05-05 15:33:27,216 [INFO] __main__: [茨木市] 取得 0 件 / 新規 0 件
2026-05-05 15:33:27,217 [INFO] scrapers.base: [兵庫県] スクレイピング開始 url=https://web.pref.hyogo.lg.jp/work/cate3_332.html
2026-05-05 15:33:34,662 [INFO] scrapers.base: [兵庫県] 取得 2 件 (有効 2 件)
2026-05-05 15:33:34,662 [INFO] __main__: [兵庫県] 取得 2 件 / 新規 0 件
2026-05-05 15:33:34,663 [INFO] scrapers.base: [神戸市] スクレイピング開始 url=https://www.city.kobe.lg.jp/a93457/business/sangyoshinko/shokogyo/venture/monodukuri/index.html
2026-05-05 15:34:07,629 [INFO] scrapers.base: [神戸市] 取得 15 件 (有効 15 件)
2026-05-05 15:34:07,629 [INFO] __main__: [神戸市] 取得 15 件 / 新規 0 件
2026-05-05 15:34:07,630 [INFO] scrapers.base: [姫路市] スクレイピング開始 url=https://www.city.himeji.lg.jp/sangyo/category/4-2-1-2-0-0-0-0-0-0.html
2026-05-05 15:34:19,978 [INFO] scrapers.base: [姫路市] 取得 5 件 (有効 5 件)
2026-05-05 15:34:19,979 [INFO] __main__: [姫路市] 取得 5 件 / 新規 0 件
2026-05-05 15:34:19,979 [INFO] scrapers.base: [尼崎市] スクレイピング開始 url=https://www.city.amagasaki.hyogo.jp/sangyo/yusi_josei/keiei_sien/index.html
2026-05-05 15:34:25,942 [INFO] scrapers.base: [尼崎市] 取得 2 件 (有効 2 件)
2026-05-05 15:34:25,943 [INFO] __main__: [尼崎市] 取得 2 件 / 新規 0 件
2026-05-05 15:34:25,943 [INFO] scrapers.base: [西宮市] スクレイピング開始 url=https://www.nishi.or.jp/jigyoshajoho/sangyoshinko/shinkisogyo/sougyou.html
2026-05-05 15:34:34,912 [WARNING] scrapers.base: [西宮市] 詳細取得失敗 url=https://it-shien.smrj.go.jp/ err=PermissionError: robots.txt によりアクセス禁止: https://it-shien.smrj.go.jp/
2026-05-05 15:34:37,774 [INFO] scrapers.base: [西宮市] 取得 6 件 (有効 6 件)
2026-05-05 15:34:37,774 [INFO] __main__: [西宮市] 取得 6 件 / 新規 0 件
2026-05-05 15:34:37,775 [INFO] scrapers.base: [川西市] スクレイピング開始 url=https://www.city.kawanishi.hyogo.jp/business/syokogyo/1019925/index.html
2026-05-05 15:34:51,402 [INFO] scrapers.base: [川西市] 取得 6 件 (有効 6 件)
2026-05-05 15:34:51,402 [INFO] __main__: [川西市] 取得 6 件 / 新規 0 件
2026-05-05 15:34:51,403 [INFO] scrapers.base: [J-Net21] スクレイピング開始 url=https://j-net21.smrj.go.jp/snavi/support/
2026-05-05 15:34:58,685 [INFO] scrapers.base: [J-Net21] 取得 0 件 (有効 0 件)
2026-05-05 15:34:58,685 [INFO] __main__: [J-Net21] 取得 0 件 / 新規 0 件
2026-05-05 15:34:58,685 [INFO] __main__: 新規データなし。Excel は更新しません。
2026-05-05 15:34:58,685 [INFO] __main__: === 終了 ===
2026-05-05 15:34:58,685 [INFO] __main__:   大阪府: 新規 0 件
2026-05-05 15:34:58,685 [INFO] __main__:   大阪市: 新規 0 件
2026-05-05 15:34:58,686 [INFO] __main__:   堺市: 新規 0 件
2026-05-05 15:34:58,686 [INFO] __main__:   東大阪市: 新規 0 件
2026-05-05 15:34:58,686 [INFO] __main__:   吹田市: 新規 0 件
2026-05-05 15:34:58,686 [INFO] __main__:   豊中市: 新規 0 件
2026-05-05 15:34:58,686 [INFO] __main__:   池田市: 新規 0 件
2026-05-05 15:34:58,686 [INFO] __main__:   箕面市: 新規 0 件
2026-05-05 15:34:58,686 [INFO] __main__:   高槻市: 新規 0 件
2026-05-05 15:34:58,686 [INFO] __main__:   茨木市: 新規 0 件
2026-05-05 15:34:58,686 [INFO] __main__:   兵庫県: 新規 0 件
2026-05-05 15:34:58,686 [INFO] __main__:   神戸市: 新規 0 件
2026-05-05 15:34:58,686 [INFO] __main__:   姫路市: 新規 0 件
2026-05-05 15:34:58,686 [INFO] __main__:   尼崎市: 新規 0 件
2026-05-05 15:34:58,686 [INFO] __main__:   西宮市: 新規 0 件
2026-05-05 15:34:58,686 [INFO] __main__:   川西市: 新規 0 件
2026-05-05 15:34:58,686 [INFO] __main__:   J-Net21: 新規 0 件
2026-05-05 15:34:58,686 [INFO] __main__: 合計新規: 0 件
2026-05-07 17:04:20,499 [INFO] __main__: === 開始: 対象 17 件 ===
2026-05-07 17:04:20,538 [INFO] __main__: 既存 URL 86 件を読込
2026-05-07 17:04:21,122 [INFO] scrapers.base: [大阪府] スクレイピング開始 url=https://www.pref.osaka.lg.jp/o110010/shokosomu/shiensaku/index.html
2026-05-07 17:04:31,642 [INFO] scrapers.base: [大阪府] 取得 4 件 (有効 4 件)
2026-05-07 17:04:31,642 [INFO] __main__: [大阪府] 取得 4 件 / 新規 0 件
2026-05-07 17:04:31,643 [INFO] scrapers.base: [大阪市] スクレイピング開始 url=https://www.city.osaka.lg.jp/sangyo/category/3037-1-2-1-0-0-0-0-0-0.html
2026-05-07 17:04:35,756 [INFO] scrapers.base: [大阪市] 取得 1 件 (有効 1 件)
2026-05-07 17:04:35,756 [INFO] __main__: [大阪市] 取得 1 件 / 新規 0 件
2026-05-07 17:04:35,757 [INFO] scrapers.base: [堺市] スクレイピング開始 url=https://www.city.sakai.lg.jp/sangyo/shienyuushi/oshirase/SME_GB.html
2026-05-07 17:04:37,845 [INFO] scrapers.base: [堺市] 取得 0 件 (有効 0 件)
2026-05-07 17:04:37,845 [INFO] __main__: [堺市] 取得 0 件 / 新規 0 件
2026-05-07 17:04:37,845 [INFO] scrapers.base: [東大阪市] スクレイピング開始 url=https://www.city.higashiosaka.lg.jp/category/19-1-0-0-0-0-0-0-0-0.html
2026-05-07 17:04:57,469 [INFO] scrapers.base: [東大阪市] 取得 9 件 (有効 9 件)
2026-05-07 17:04:57,469 [INFO] __main__: [東大阪市] 取得 9 件 / 新規 0 件
2026-05-07 17:04:57,470 [INFO] scrapers.base: [吹田市] スクレイピング開始 url=https://www.city.suita.osaka.jp/sangyo/1018028/1018029/1018030/index.html
2026-05-07 17:05:25,238 [INFO] scrapers.base: [吹田市] 取得 13 件 (有効 13 件)
2026-05-07 17:05:25,238 [INFO] __main__: [吹田市] 取得 13 件 / 新規 0 件
2026-05-07 17:05:25,239 [INFO] scrapers.base: [豊中市] スクレイピング開始 url=https://www.city.toyonaka.osaka.jp/machi/sangyoushinkou/hojokin/index.html
2026-05-07 17:06:04,486 [INFO] scrapers.base: [豊中市] 取得 19 件 (有効 19 件)
2026-05-07 17:06:04,487 [INFO] __main__: [豊中市] 取得 19 件 / 新規 0 件
2026-05-07 17:06:04,487 [INFO] scrapers.base: [池田市] スクレイピング開始 url=https://www.city.ikeda.osaka.jp/soshiki/siminseikatsu/shoko/syogyo/jigyoshashien/index.html
2026-05-07 17:06:30,609 [WARNING] utils.http: robots.txt 取得失敗 host=www.city.ikeda.osaka.jp err=Remote end closed connection without response
2026-05-07 17:06:47,982 [INFO] scrapers.base: [池田市] 取得 0 件 (有効 0 件)
2026-05-07 17:06:47,982 [INFO] __main__: [池田市] 取得 0 件 / 新規 0 件
2026-05-07 17:06:47,983 [INFO] scrapers.base: [箕面市] スクレイピング開始 url=https://www.city.minoh.lg.jp/syoukou/syoukouhojokin.html
2026-05-07 17:06:52,834 [INFO] scrapers.base: [箕面市] 取得 2 件 (有効 2 件)
2026-05-07 17:06:52,834 [INFO] __main__: [箕面市] 取得 2 件 / 新規 0 件
2026-05-07 17:06:52,835 [INFO] scrapers.base: [高槻市] スクレイピング開始 url=https://www.city.takatsuki.osaka.jp/life/8/
2026-05-07 17:07:10,433 [INFO] scrapers.base: [高槻市] 取得 2 件 (有効 2 件)
2026-05-07 17:07:10,433 [INFO] __main__: [高槻市] 取得 2 件 / 新規 0 件
2026-05-07 17:07:10,433 [INFO] scrapers.base: [茨木市] スクレイピング開始 url=https://www.city.ibaraki.osaka.jp/hojokin_joseikin/index.html
2026-05-07 17:07:34,560 [INFO] scrapers.base: [茨木市] 取得 0 件 (有効 0 件)
2026-05-07 17:07:34,560 [INFO] __main__: [茨木市] 取得 0 件 / 新規 0 件
2026-05-07 17:07:34,561 [INFO] scrapers.base: [兵庫県] スクレイピング開始 url=https://web.pref.hyogo.lg.jp/work/cate3_332.html
2026-05-07 17:07:39,214 [INFO] scrapers.base: [兵庫県] 取得 2 件 (有効 2 件)
2026-05-07 17:07:39,215 [INFO] __main__: [兵庫県] 取得 2 件 / 新規 0 件
2026-05-07 17:07:39,215 [INFO] scrapers.base: [神戸市] スクレイピング開始 url=https://www.city.kobe.lg.jp/a93457/business/sangyoshinko/shokogyo/venture/monodukuri/index.html
2026-05-07 17:08:10,747 [INFO] scrapers.base: [神戸市] 取得 15 件 (有効 15 件)
2026-05-07 17:08:10,747 [INFO] __main__: [神戸市] 取得 15 件 / 新規 0 件
2026-05-07 17:08:10,747 [INFO] scrapers.base: [姫路市] スクレイピング開始 url=https://www.city.himeji.lg.jp/sangyo/category/4-2-1-2-0-0-0-0-0-0.html
2026-05-07 17:08:21,575 [INFO] scrapers.base: [姫路市] 取得 5 件 (有効 5 件)
2026-05-07 17:08:21,575 [INFO] __main__: [姫路市] 取得 5 件 / 新規 0 件
2026-05-07 17:08:21,575 [INFO] scrapers.base: [尼崎市] スクレイピング開始 url=https://www.city.amagasaki.hyogo.jp/sangyo/yusi_josei/keiei_sien/index.html
2026-05-07 17:08:26,939 [INFO] scrapers.base: [尼崎市] 取得 2 件 (有効 2 件)
2026-05-07 17:08:26,939 [INFO] __main__: [尼崎市] 取得 2 件 / 新規 0 件
2026-05-07 17:08:26,940 [INFO] scrapers.base: [西宮市] スクレイピング開始 url=https://www.nishi.or.jp/jigyoshajoho/sangyoshinko/shinkisogyo/sougyou.html
2026-05-07 17:09:55,996 [WARNING] scrapers.base: [西宮市] 詳細取得失敗 url=https://r6.jizokukahojokin.info/sogyo/ err=ConnectionError: HTTPSConnectionPool(host='r6.jizokukahojokin.info', port=443): Read timed out.
2026-05-07 17:10:32,774 [WARNING] scrapers.base: [西宮市] 詳細取得失敗 url=https://it-shien.smrj.go.jp/ err=PermissionError: robots.txt によりアクセス禁止: https://it-shien.smrj.go.jp/
2026-05-07 17:10:49,344 [INFO] scrapers.base: [西宮市] 取得 8 件 (有効 8 件)
2026-05-07 17:10:49,344 [INFO] __main__: [西宮市] 取得 8 件 / 新規 2 件
2026-05-07 17:10:49,345 [INFO] scrapers.base: [川西市] スクレイピング開始 url=https://www.city.kawanishi.hyogo.jp/business/syokogyo/1019925/index.html
2026-05-07 17:11:02,328 [INFO] scrapers.base: [川西市] 取得 6 件 (有効 6 件)
2026-05-07 17:11:02,329 [INFO] __main__: [川西市] 取得 6 件 / 新規 0 件
2026-05-07 17:11:02,330 [INFO] scrapers.base: [J-Net21] スクレイピング開始 url=https://j-net21.smrj.go.jp/snavi/support/
2026-05-07 17:11:05,329 [INFO] scrapers.base: [J-Net21] 取得 0 件 (有効 0 件)
2026-05-07 17:11:05,329 [INFO] __main__: [J-Net21] 取得 0 件 / 新規 0 件
2026-05-07 17:11:05,449 [INFO] utils.excel_writer: Excel 追記 2 件 -> /home/runner/work/grants-scraper/grants-scraper/data/grants.xlsx
2026-05-07 17:11:05,449 [INFO] __main__: === 終了 ===
2026-05-07 17:11:05,449 [INFO] __main__:   大阪府: 新規 0 件
2026-05-07 17:11:05,449 [INFO] __main__:   大阪市: 新規 0 件
2026-05-07 17:11:05,449 [INFO] __main__:   堺市: 新規 0 件
2026-05-07 17:11:05,450 [INFO] __main__:   東大阪市: 新規 0 件
2026-05-07 17:11:05,450 [INFO] __main__:   吹田市: 新規 0 件
2026-05-07 17:11:05,450 [INFO] __main__:   豊中市: 新規 0 件
2026-05-07 17:11:05,450 [INFO] __main__:   池田市: 新規 0 件
2026-05-07 17:11:05,450 [INFO] __main__:   箕面市: 新規 0 件
2026-05-07 17:11:05,450 [INFO] __main__:   高槻市: 新規 0 件
2026-05-07 17:11:05,450 [INFO] __main__:   茨木市: 新規 0 件
2026-05-07 17:11:05,450 [INFO] __main__:   兵庫県: 新規 0 件
2026-05-07 17:11:05,450 [INFO] __main__:   神戸市: 新規 0 件
2026-05-07 17:11:05,450 [INFO] __main__:   姫路市: 新規 0 件
2026-05-07 17:11:05,450 [INFO] __main__:   尼崎市: 新規 0 件
2026-05-07 17:11:05,450 [INFO] __main__:   西宮市: 新規 2 件
2026-05-07 17:11:05,450 [INFO] __main__:   川西市: 新規 0 件
2026-05-07 17:11:05,451 [INFO] __main__:   J-Net21: 新規 0 件
2026-05-07 17:11:05,451 [INFO] __main__: 合計新規: 2 件
2026-05-08 14:48:37,638 [INFO] __main__: === 開始: 対象 17 件 ===
2026-05-08 14:48:37,675 [INFO] __main__: 既存 URL 88 件を読込
2026-05-08 14:48:38,449 [INFO] scrapers.base: [大阪府] スクレイピング開始 url=https://www.pref.osaka.lg.jp/o110010/shokosomu/shiensaku/index.html
2026-05-08 14:48:48,805 [INFO] scrapers.base: [大阪府] 取得 4 件 (有効 4 件)
2026-05-08 14:48:48,805 [INFO] __main__: [大阪府] 取得 4 件 / 新規 0 件
2026-05-08 14:48:48,805 [INFO] scrapers.base: [大阪市] スクレイピング開始 url=https://www.city.osaka.lg.jp/sangyo/category/3037-1-2-1-0-0-0-0-0-0.html
2026-05-08 14:48:53,146 [INFO] scrapers.base: [大阪市] 取得 1 件 (有効 1 件)
2026-05-08 14:48:53,147 [INFO] __main__: [大阪市] 取得 1 件 / 新規 0 件
2026-05-08 14:48:53,147 [INFO] scrapers.base: [堺市] スクレイピング開始 url=https://www.city.sakai.lg.jp/sangyo/shienyuushi/oshirase/SME_GB.html
2026-05-08 14:48:57,247 [INFO] scrapers.base: [堺市] 取得 1 件 (有効 1 件)
2026-05-08 14:48:57,247 [INFO] __main__: [堺市] 取得 1 件 / 新規 1 件
2026-05-08 14:48:57,248 [INFO] scrapers.base: [東大阪市] スクレイピング開始 url=https://www.city.higashiosaka.lg.jp/category/19-1-0-0-0-0-0-0-0-0.html
2026-05-08 14:49:17,197 [INFO] scrapers.base: [東大阪市] 取得 9 件 (有効 9 件)
2026-05-08 14:49:17,197 [INFO] __main__: [東大阪市] 取得 9 件 / 新規 0 件
2026-05-08 14:49:17,198 [INFO] scrapers.base: [吹田市] スクレイピング開始 url=https://www.city.suita.osaka.jp/sangyo/1018028/1018029/1018030/index.html
2026-05-08 14:49:44,983 [INFO] scrapers.base: [吹田市] 取得 13 件 (有効 13 件)
2026-05-08 14:49:44,984 [INFO] __main__: [吹田市] 取得 13 件 / 新規 0 件
2026-05-08 14:49:44,984 [INFO] scrapers.base: [豊中市] スクレイピング開始 url=https://www.city.toyonaka.osaka.jp/machi/sangyoushinkou/hojokin/index.html
2026-05-08 14:50:25,956 [INFO] scrapers.base: [豊中市] 取得 19 件 (有効 19 件)
2026-05-08 14:50:25,957 [INFO] __main__: [豊中市] 取得 19 件 / 新規 0 件
2026-05-08 14:50:25,957 [INFO] scrapers.base: [池田市] スクレイピング開始 url=https://www.city.ikeda.osaka.jp/soshiki/siminseikatsu/shoko/syogyo/jigyoshashien/index.html
2026-05-08 14:50:28,849 [INFO] scrapers.base: [池田市] 取得 0 件 (有効 0 件)
2026-05-08 14:50:28,849 [INFO] __main__: [池田市] 取得 0 件 / 新規 0 件
2026-05-08 14:50:28,850 [INFO] scrapers.base: [箕面市] スクレイピング開始 url=https://www.city.minoh.lg.jp/syoukou/syoukouhojokin.html
2026-05-08 14:50:34,205 [INFO] scrapers.base: [箕面市] 取得 2 件 (有効 2 件)
2026-05-08 14:50:34,205 [INFO] __main__: [箕面市] 取得 2 件 / 新規 0 件
2026-05-08 14:50:34,206 [INFO] scrapers.base: [高槻市] スクレイピング開始 url=https://www.city.takatsuki.osaka.jp/life/8/
2026-05-08 14:50:40,799 [INFO] scrapers.base: [高槻市] 取得 2 件 (有効 2 件)
2026-05-08 14:50:40,800 [INFO] __main__: [高槻市] 取得 2 件 / 新規 0 件
2026-05-08 14:50:40,800 [INFO] scrapers.base: [茨木市] スクレイピング開始 url=https://www.city.ibaraki.osaka.jp/hojokin_joseikin/index.html
2026-05-08 14:50:43,722 [INFO] scrapers.base: [茨木市] 取得 0 件 (有効 0 件)
2026-05-08 14:50:43,722 [INFO] __main__: [茨木市] 取得 0 件 / 新規 0 件
2026-05-08 14:50:43,722 [INFO] scrapers.base: [兵庫県] スクレイピング開始 url=https://web.pref.hyogo.lg.jp/work/cate3_332.html
2026-05-08 14:50:48,975 [INFO] scrapers.base: [兵庫県] 取得 2 件 (有効 2 件)
2026-05-08 14:50:48,975 [INFO] __main__: [兵庫県] 取得 2 件 / 新規 0 件
2026-05-08 14:50:48,976 [INFO] scrapers.base: [神戸市] スクレイピング開始 url=https://www.city.kobe.lg.jp/a93457/business/sangyoshinko/shokogyo/venture/monodukuri/index.html
2026-05-08 14:51:21,362 [INFO] scrapers.base: [神戸市] 取得 15 件 (有効 15 件)
2026-05-08 14:51:21,363 [INFO] __main__: [神戸市] 取得 15 件 / 新規 0 件
2026-05-08 14:51:21,363 [INFO] scrapers.base: [姫路市] スクレイピング開始 url=https://www.city.himeji.lg.jp/sangyo/category/4-2-1-2-0-0-0-0-0-0.html
2026-05-08 14:51:32,370 [INFO] scrapers.base: [姫路市] 取得 5 件 (有効 5 件)
2026-05-08 14:51:32,371 [INFO] __main__: [姫路市] 取得 5 件 / 新規 0 件
2026-05-08 14:51:32,371 [INFO] scrapers.base: [尼崎市] スクレイピング開始 url=https://www.city.amagasaki.hyogo.jp/sangyo/yusi_josei/keiei_sien/index.html
2026-05-08 14:51:38,047 [INFO] scrapers.base: [尼崎市] 取得 2 件 (有効 2 件)
2026-05-08 14:51:38,047 [INFO] __main__: [尼崎市] 取得 2 件 / 新規 0 件
2026-05-08 14:51:38,048 [INFO] scrapers.base: [西宮市] スクレイピング開始 url=https://www.nishi.or.jp/jigyoshajoho/sangyoshinko/shinkisogyo/sougyou.html
2026-05-08 14:51:46,704 [WARNING] scrapers.base: [西宮市] 詳細取得失敗 url=https://it-shien.smrj.go.jp/ err=PermissionError: robots.txt によりアクセス禁止: https://it-shien.smrj.go.jp/
2026-05-08 14:51:51,383 [INFO] scrapers.base: [西宮市] 取得 8 件 (有効 8 件)
2026-05-08 14:51:51,383 [INFO] __main__: [西宮市] 取得 8 件 / 新規 0 件
2026-05-08 14:51:51,384 [INFO] scrapers.base: [川西市] スクレイピング開始 url=https://www.city.kawanishi.hyogo.jp/business/syokogyo/1019925/index.html
2026-05-08 14:52:04,740 [INFO] scrapers.base: [川西市] 取得 6 件 (有効 6 件)
2026-05-08 14:52:04,740 [INFO] __main__: [川西市] 取得 6 件 / 新規 0 件
2026-05-08 14:52:04,742 [INFO] scrapers.base: [J-Net21] スクレイピング開始 url=https://j-net21.smrj.go.jp/snavi/support/
2026-05-08 14:52:08,834 [INFO] scrapers.base: [J-Net21] 取得 0 件 (有効 0 件)
2026-05-08 14:52:08,835 [INFO] __main__: [J-Net21] 取得 0 件 / 新規 0 件
2026-05-08 14:52:08,908 [INFO] utils.excel_writer: Excel 追記 1 件 -> /home/runner/work/grants-scraper/grants-scraper/data/grants.xlsx
2026-05-08 14:52:08,908 [INFO] __main__: === 終了 ===
2026-05-08 14:52:08,908 [INFO] __main__:   大阪府: 新規 0 件
2026-05-08 14:52:08,908 [INFO] __main__:   大阪市: 新規 0 件
2026-05-08 14:52:08,908 [INFO] __main__:   堺市: 新規 1 件
2026-05-08 14:52:08,908 [INFO] __main__:   東大阪市: 新規 0 件
2026-05-08 14:52:08,909 [INFO] __main__:   吹田市: 新規 0 件
2026-05-08 14:52:08,909 [INFO] __main__:   豊中市: 新規 0 件
2026-05-08 14:52:08,909 [INFO] __main__:   池田市: 新規 0 件
2026-05-08 14:52:08,909 [INFO] __main__:   箕面市: 新規 0 件
2026-05-08 14:52:08,909 [INFO] __main__:   高槻市: 新規 0 件
2026-05-08 14:52:08,909 [INFO] __main__:   茨木市: 新規 0 件
2026-05-08 14:52:08,909 [INFO] __main__:   兵庫県: 新規 0 件
2026-05-08 14:52:08,909 [INFO] __main__:   神戸市: 新規 0 件
2026-05-08 14:52:08,909 [INFO] __main__:   姫路市: 新規 0 件
2026-05-08 14:52:08,909 [INFO] __main__:   尼崎市: 新規 0 件
2026-05-08 14:52:08,909 [INFO] __main__:   西宮市: 新規 0 件
2026-05-08 14:52:08,909 [INFO] __main__:   川西市: 新規 0 件
2026-05-08 14:52:08,909 [INFO] __main__:   J-Net21: 新規 0 件
2026-05-08 14:52:08,910 [INFO] __main__: 合計新規: 1 件
2026-05-10 16:31:31,542 [INFO] __main__: === 開始: 対象 17 件 ===
2026-05-10 16:31:31,580 [INFO] __main__: 既存 URL 89 件を読込
2026-05-10 16:31:31,847 [INFO] scrapers.base: [大阪府] スクレイピング開始 url=https://www.pref.osaka.lg.jp/o110010/shokosomu/shiensaku/index.html
2026-05-10 16:31:41,955 [INFO] scrapers.base: [大阪府] 取得 4 件 (有効 4 件)
2026-05-10 16:31:41,955 [INFO] __main__: [大阪府] 取得 4 件 / 新規 0 件
2026-05-10 16:31:41,955 [INFO] scrapers.base: [大阪市] スクレイピング開始 url=https://www.city.osaka.lg.jp/sangyo/category/3037-1-2-1-0-0-0-0-0-0.html
2026-05-10 16:31:46,254 [INFO] scrapers.base: [大阪市] 取得 1 件 (有効 1 件)
2026-05-10 16:31:46,254 [INFO] __main__: [大阪市] 取得 1 件 / 新規 0 件
2026-05-10 16:31:46,255 [INFO] scrapers.base: [堺市] スクレイピング開始 url=https://www.city.sakai.lg.jp/sangyo/shienyuushi/oshirase/SME_GB.html
2026-05-10 16:31:49,477 [INFO] scrapers.base: [堺市] 取得 0 件 (有効 0 件)
2026-05-10 16:31:49,477 [INFO] __main__: [堺市] 取得 0 件 / 新規 0 件
2026-05-10 16:31:49,478 [INFO] scrapers.base: [東大阪市] スクレイピング開始 url=https://www.city.higashiosaka.lg.jp/category/19-1-0-0-0-0-0-0-0-0.html
2026-05-10 16:32:09,595 [INFO] scrapers.base: [東大阪市] 取得 9 件 (有効 9 件)
2026-05-10 16:32:09,596 [INFO] __main__: [東大阪市] 取得 9 件 / 新規 0 件
2026-05-10 16:32:09,596 [INFO] scrapers.base: [吹田市] スクレイピング開始 url=https://www.city.suita.osaka.jp/sangyo/1018028/1018029/1018030/index.html
2026-05-10 16:32:38,995 [INFO] scrapers.base: [吹田市] 取得 13 件 (有効 13 件)
2026-05-10 16:32:38,996 [INFO] __main__: [吹田市] 取得 13 件 / 新規 0 件
2026-05-10 16:32:38,996 [INFO] scrapers.base: [豊中市] スクレイピング開始 url=https://www.city.toyonaka.osaka.jp/machi/sangyoushinkou/hojokin/index.html
2026-05-10 16:33:19,360 [INFO] scrapers.base: [豊中市] 取得 19 件 (有効 19 件)
2026-05-10 16:33:19,360 [INFO] __main__: [豊中市] 取得 19 件 / 新規 0 件
2026-05-10 16:33:19,360 [INFO] scrapers.base: [池田市] スクレイピング開始 url=https://www.city.ikeda.osaka.jp/soshiki/siminseikatsu/shoko/syogyo/jigyoshashien/index.html
2026-05-10 16:33:22,204 [INFO] scrapers.base: [池田市] 取得 0 件 (有効 0 件)
2026-05-10 16:33:22,204 [INFO] __main__: [池田市] 取得 0 件 / 新規 0 件
2026-05-10 16:33:22,205 [INFO] scrapers.base: [箕面市] スクレイピング開始 url=https://www.city.minoh.lg.jp/syoukou/syoukouhojokin.html
2026-05-10 16:33:29,318 [INFO] scrapers.base: [箕面市] 取得 2 件 (有効 2 件)
2026-05-10 16:33:29,319 [INFO] __main__: [箕面市] 取得 2 件 / 新規 0 件
2026-05-10 16:33:29,319 [INFO] scrapers.base: [高槻市] スクレイピング開始 url=https://www.city.takatsuki.osaka.jp/life/8/
2026-05-10 16:33:35,476 [INFO] scrapers.base: [高槻市] 取得 2 件 (有効 2 件)
2026-05-10 16:33:35,476 [INFO] __main__: [高槻市] 取得 2 件 / 新規 0 件
2026-05-10 16:33:35,477 [INFO] scrapers.base: [茨木市] スクレイピング開始 url=https://www.city.ibaraki.osaka.jp/hojokin_joseikin/index.html
2026-05-10 16:33:38,067 [INFO] scrapers.base: [茨木市] 取得 0 件 (有効 0 件)
2026-05-10 16:33:38,067 [INFO] __main__: [茨木市] 取得 0 件 / 新規 0 件
2026-05-10 16:33:38,068 [INFO] scrapers.base: [兵庫県] スクレイピング開始 url=https://web.pref.hyogo.lg.jp/work/cate3_332.html
2026-05-10 16:33:43,483 [INFO] scrapers.base: [兵庫県] 取得 2 件 (有効 2 件)
2026-05-10 16:33:43,484 [INFO] __main__: [兵庫県] 取得 2 件 / 新規 0 件
2026-05-10 16:33:43,484 [INFO] scrapers.base: [神戸市] スクレイピング開始 url=https://www.city.kobe.lg.jp/a93457/business/sangyoshinko/shokogyo/venture/monodukuri/index.html
2026-05-10 16:34:15,396 [INFO] scrapers.base: [神戸市] 取得 15 件 (有効 15 件)
2026-05-10 16:34:15,396 [INFO] __main__: [神戸市] 取得 15 件 / 新規 0 件
2026-05-10 16:34:15,397 [INFO] scrapers.base: [姫路市] スクレイピング開始 url=https://www.city.himeji.lg.jp/sangyo/category/4-2-1-2-0-0-0-0-0-0.html
2026-05-10 16:34:26,309 [INFO] scrapers.base: [姫路市] 取得 5 件 (有効 5 件)
2026-05-10 16:34:26,310 [INFO] __main__: [姫路市] 取得 5 件 / 新規 0 件
2026-05-10 16:34:26,310 [INFO] scrapers.base: [尼崎市] スクレイピング開始 url=https://www.city.amagasaki.hyogo.jp/sangyo/yusi_josei/keiei_sien/index.html
2026-05-10 16:34:32,417 [INFO] scrapers.base: [尼崎市] 取得 2 件 (有効 2 件)
2026-05-10 16:34:32,417 [INFO] __main__: [尼崎市] 取得 2 件 / 新規 0 件
2026-05-10 16:34:32,418 [INFO] scrapers.base: [西宮市] スクレイピング開始 url=https://www.nishi.or.jp/jigyoshajoho/sangyoshinko/shinkisogyo/sougyou.html
2026-05-10 16:34:41,600 [WARNING] scrapers.base: [西宮市] 詳細取得失敗 url=https://it-shien.smrj.go.jp/ err=PermissionError: robots.txt によりアクセス禁止: https://it-shien.smrj.go.jp/
2026-05-10 16:34:44,770 [INFO] scrapers.base: [西宮市] 取得 6 件 (有効 6 件)
2026-05-10 16:34:44,770 [INFO] __main__: [西宮市] 取得 6 件 / 新規 0 件
2026-05-10 16:34:44,771 [INFO] scrapers.base: [川西市] スクレイピング開始 url=https://www.city.kawanishi.hyogo.jp/business/syokogyo/1019925/index.html
2026-05-10 16:34:58,291 [INFO] scrapers.base: [川西市] 取得 6 件 (有効 6 件)
2026-05-10 16:34:58,291 [INFO] __main__: [川西市] 取得 6 件 / 新規 0 件
2026-05-10 16:34:58,292 [INFO] scrapers.base: [J-Net21] スクレイピング開始 url=https://j-net21.smrj.go.jp/snavi/support/
2026-05-10 16:35:02,885 [INFO] scrapers.base: [J-Net21] 取得 0 件 (有効 0 件)
2026-05-10 16:35:02,885 [INFO] __main__: [J-Net21] 取得 0 件 / 新規 0 件
2026-05-10 16:35:02,885 [INFO] __main__: 新規データなし。Excel は更新しません。
2026-05-10 16:35:02,885 [INFO] __main__: === 終了 ===
2026-05-10 16:35:02,885 [INFO] __main__:   大阪府: 新規 0 件
2026-05-10 16:35:02,885 [INFO] __main__:   大阪市: 新規 0 件
2026-05-10 16:35:02,886 [INFO] __main__:   堺市: 新規 0 件
2026-05-10 16:35:02,886 [INFO] __main__:   東大阪市: 新規 0 件
2026-05-10 16:35:02,886 [INFO] __main__:   吹田市: 新規 0 件
2026-05-10 16:35:02,886 [INFO] __main__:   豊中市: 新規 0 件
2026-05-10 16:35:02,886 [INFO] __main__:   池田市: 新規 0 件
2026-05-10 16:35:02,886 [INFO] __main__:   箕面市: 新規 0 件
2026-05-10 16:35:02,886 [INFO] __main__:   高槻市: 新規 0 件
2026-05-10 16:35:02,886 [INFO] __main__:   茨木市: 新規 0 件
2026-05-10 16:35:02,886 [INFO] __main__:   兵庫県: 新規 0 件
2026-05-10 16:35:02,886 [INFO] __main__:   神戸市: 新規 0 件
2026-05-10 16:35:02,886 [INFO] __main__:   姫路市: 新規 0 件
2026-05-10 16:35:02,887 [INFO] __main__:   尼崎市: 新規 0 件
2026-05-10 16:35:02,887 [INFO] __main__:   西宮市: 新規 0 件
2026-05-10 16:35:02,887 [INFO] __main__:   川西市: 新規 0 件
2026-05-10 16:35:02,887 [INFO] __main__:   J-Net21: 新規 0 件
2026-05-10 16:35:02,887 [INFO] __main__: 合計新規: 0 件
2026-05-11 19:47:39,918 [INFO] __main__: === 開始: 対象 17 件 ===
2026-05-11 19:47:39,956 [INFO] __main__: 既存 URL 89 件を読込
2026-05-11 19:47:40,300 [INFO] scrapers.base: [大阪府] スクレイピング開始 url=https://www.pref.osaka.lg.jp/o110010/shokosomu/shiensaku/index.html
2026-05-11 19:47:50,493 [INFO] scrapers.base: [大阪府] 取得 4 件 (有効 4 件)
2026-05-11 19:47:50,493 [INFO] __main__: [大阪府] 取得 4 件 / 新規 0 件
2026-05-11 19:47:50,494 [INFO] scrapers.base: [大阪市] スクレイピング開始 url=https://www.city.osaka.lg.jp/sangyo/category/3037-1-2-1-0-0-0-0-0-0.html
2026-05-11 19:47:54,851 [INFO] scrapers.base: [大阪市] 取得 1 件 (有効 1 件)
2026-05-11 19:47:54,851 [INFO] __main__: [大阪市] 取得 1 件 / 新規 0 件
2026-05-11 19:47:54,852 [INFO] scrapers.base: [堺市] スクレイピング開始 url=https://www.city.sakai.lg.jp/sangyo/shienyuushi/oshirase/SME_GB.html
2026-05-11 19:47:57,331 [INFO] scrapers.base: [堺市] 取得 0 件 (有効 0 件)
2026-05-11 19:47:57,331 [INFO] __main__: [堺市] 取得 0 件 / 新規 0 件
2026-05-11 19:47:57,332 [INFO] scrapers.base: [東大阪市] スクレイピング開始 url=https://www.city.higashiosaka.lg.jp/category/19-1-0-0-0-0-0-0-0-0.html
2026-05-11 19:48:17,338 [INFO] scrapers.base: [東大阪市] 取得 9 件 (有効 9 件)
2026-05-11 19:48:17,338 [INFO] __main__: [東大阪市] 取得 9 件 / 新規 0 件
2026-05-11 19:48:17,339 [INFO] scrapers.base: [吹田市] スクレイピング開始 url=https://www.city.suita.osaka.jp/sangyo/1018028/1018029/1018030/index.html
2026-05-11 19:48:45,679 [INFO] scrapers.base: [吹田市] 取得 13 件 (有効 13 件)
2026-05-11 19:48:45,679 [INFO] __main__: [吹田市] 取得 13 件 / 新規 0 件
2026-05-11 19:48:45,680 [INFO] scrapers.base: [豊中市] スクレイピング開始 url=https://www.city.toyonaka.osaka.jp/machi/sangyoushinkou/hojokin/index.html
2026-05-11 19:49:25,446 [INFO] scrapers.base: [豊中市] 取得 19 件 (有効 19 件)
2026-05-11 19:49:25,446 [INFO] __main__: [豊中市] 取得 19 件 / 新規 0 件
2026-05-11 19:49:25,447 [INFO] scrapers.base: [池田市] スクレイピング開始 url=https://www.city.ikeda.osaka.jp/soshiki/siminseikatsu/shoko/syogyo/jigyoshashien/index.html
2026-05-11 19:49:27,814 [INFO] scrapers.base: [池田市] 取得 0 件 (有効 0 件)
2026-05-11 19:49:27,814 [INFO] __main__: [池田市] 取得 0 件 / 新規 0 件
2026-05-11 19:49:27,815 [INFO] scrapers.base: [箕面市] スクレイピング開始 url=https://www.city.minoh.lg.jp/syoukou/syoukouhojokin.html
2026-05-11 19:49:32,837 [INFO] scrapers.base: [箕面市] 取得 2 件 (有効 2 件)
2026-05-11 19:49:32,837 [INFO] __main__: [箕面市] 取得 2 件 / 新規 0 件
2026-05-11 19:49:32,838 [INFO] scrapers.base: [高槻市] スクレイピング開始 url=https://www.city.takatsuki.osaka.jp/life/8/
2026-05-11 19:49:38,811 [INFO] scrapers.base: [高槻市] 取得 2 件 (有効 2 件)
2026-05-11 19:49:38,811 [INFO] __main__: [高槻市] 取得 2 件 / 新規 0 件
2026-05-11 19:49:38,812 [INFO] scrapers.base: [茨木市] スクレイピング開始 url=https://www.city.ibaraki.osaka.jp/hojokin_joseikin/index.html
2026-05-11 19:49:41,129 [INFO] scrapers.base: [茨木市] 取得 0 件 (有効 0 件)
2026-05-11 19:49:41,129 [INFO] __main__: [茨木市] 取得 0 件 / 新規 0 件
2026-05-11 19:49:41,129 [INFO] scrapers.base: [兵庫県] スクレイピング開始 url=https://web.pref.hyogo.lg.jp/work/cate3_332.html
2026-05-11 19:49:46,507 [INFO] scrapers.base: [兵庫県] 取得 2 件 (有効 2 件)
2026-05-11 19:49:46,507 [INFO] __main__: [兵庫県] 取得 2 件 / 新規 0 件
2026-05-11 19:49:46,507 [INFO] scrapers.base: [神戸市] スクレイピング開始 url=https://www.city.kobe.lg.jp/a93457/business/sangyoshinko/shokogyo/venture/monodukuri/index.html
2026-05-11 19:50:18,479 [INFO] scrapers.base: [神戸市] 取得 15 件 (有効 15 件)
2026-05-11 19:50:18,479 [INFO] __main__: [神戸市] 取得 15 件 / 新規 0 件
2026-05-11 19:50:18,480 [INFO] scrapers.base: [姫路市] スクレイピング開始 url=https://www.city.himeji.lg.jp/sangyo/category/4-2-1-2-0-0-0-0-0-0.html
2026-05-11 19:50:30,598 [INFO] scrapers.base: [姫路市] 取得 5 件 (有効 5 件)
2026-05-11 19:50:30,598 [INFO] __main__: [姫路市] 取得 5 件 / 新規 0 件
2026-05-11 19:50:30,599 [INFO] scrapers.base: [尼崎市] スクレイピング開始 url=https://www.city.amagasaki.hyogo.jp/sangyo/yusi_josei/keiei_sien/index.html
2026-05-11 19:50:36,418 [INFO] scrapers.base: [尼崎市] 取得 2 件 (有効 2 件)
2026-05-11 19:50:36,418 [INFO] __main__: [尼崎市] 取得 2 件 / 新規 0 件
2026-05-11 19:50:36,419 [INFO] scrapers.base: [西宮市] スクレイピング開始 url=https://www.nishi.or.jp/jigyoshajoho/sangyoshinko/shinkisogyo/sougyou.html
2026-05-11 19:50:46,047 [WARNING] scrapers.base: [西宮市] 詳細取得失敗 url=https://it-shien.smrj.go.jp/ err=PermissionError: robots.txt によりアクセス禁止: https://it-shien.smrj.go.jp/
2026-05-11 19:50:48,515 [INFO] scrapers.base: [西宮市] 取得 6 件 (有効 6 件)
2026-05-11 19:50:48,515 [INFO] __main__: [西宮市] 取得 6 件 / 新規 0 件
2026-05-11 19:50:48,516 [INFO] scrapers.base: [川西市] スクレイピング開始 url=https://www.city.kawanishi.hyogo.jp/business/syokogyo/1019925/index.html
2026-05-11 19:51:02,028 [INFO] scrapers.base: [川西市] 取得 6 件 (有効 6 件)
2026-05-11 19:51:02,029 [INFO] __main__: [川西市] 取得 6 件 / 新規 0 件
2026-05-11 19:51:02,030 [INFO] scrapers.base: [J-Net21] スクレイピング開始 url=https://j-net21.smrj.go.jp/snavi/support/
2026-05-11 19:51:05,962 [INFO] scrapers.base: [J-Net21] 取得 0 件 (有効 0 件)
2026-05-11 19:51:05,962 [INFO] __main__: [J-Net21] 取得 0 件 / 新規 0 件
2026-05-11 19:51:05,962 [INFO] __main__: 新規データなし。Excel は更新しません。
2026-05-11 19:51:05,962 [INFO] __main__: === 終了 ===
2026-05-11 19:51:05,963 [INFO] __main__:   大阪府: 新規 0 件
2026-05-11 19:51:05,963 [INFO] __main__:   大阪市: 新規 0 件
2026-05-11 19:51:05,963 [INFO] __main__:   堺市: 新規 0 件
2026-05-11 19:51:05,963 [INFO] __main__:   東大阪市: 新規 0 件
2026-05-11 19:51:05,963 [INFO] __main__:   吹田市: 新規 0 件
2026-05-11 19:51:05,963 [INFO] __main__:   豊中市: 新規 0 件
2026-05-11 19:51:05,963 [INFO] __main__:   池田市: 新規 0 件
2026-05-11 19:51:05,963 [INFO] __main__:   箕面市: 新規 0 件
2026-05-11 19:51:05,963 [INFO] __main__:   高槻市: 新規 0 件
2026-05-11 19:51:05,964 [INFO] __main__:   茨木市: 新規 0 件
2026-05-11 19:51:05,964 [INFO] __main__:   兵庫県: 新規 0 件
2026-05-11 19:51:05,964 [INFO] __main__:   神戸市: 新規 0 件
2026-05-11 19:51:05,964 [INFO] __main__:   姫路市: 新規 0 件
2026-05-11 19:51:05,964 [INFO] __main__:   尼崎市: 新規 0 件
2026-05-11 19:51:05,964 [INFO] __main__:   西宮市: 新規 0 件
2026-05-11 19:51:05,964 [INFO] __main__:   川西市: 新規 0 件
2026-05-11 19:51:05,964 [INFO] __main__:   J-Net21: 新規 0 件
2026-05-11 19:51:05,964 [INFO] __main__: 合計新規: 0 件
